[ 178   41  105  112  185  188  187  207  244  309  489  876 3894]
[[   0    9   70   75  147  147  158  174  228  287  477  868 3894]
 [   0    1   10   41  107  112  139  168  199  282  466  868 3894]
 [   0    3    7   41  103  113  131  163  205  285  463  853 3894]
 [   0   12   65   72  155  148  156  176  223  294  465  852 3894]
 [   0    6    7    7   28   61   77  110  164  244  446  869 3894]
 [   0    0    3    7   19   60   78  111  106  196  343  812 3894]
 [   0    0    9   14   29   43   59   91  165  235  450  862 3894]
 [   0    2   10    9   20   53   56   88  128  190  413  830 3894]
 [   0    4   12   21   47   51   87  113  190  254  453  830 3894]
 [   0    3   10   29   39   83  101  116  182  247  449  862 3894]
 [   0    0    5   11   28   39   39   77  106  161  322  792 3894]
 [   0    1    2    9   18   30   41   62   56  106  143  338 3894]]
[[  0.  22.  67.  67.  79.  78.  84.  84.  93.  93.  98.  99. 100.]
 [  0.   2.  10.  37.  58.  60.  74.  81.  82.  91.  95.  99. 100.]
 [  0.   7.   7.  37.  56.  60.  70.  79.  84.  92.  95.  97. 100.]
 [  0.  29.  62.  64.  84.  79.  83.  85.  91.  95.  95.  97. 100.]
 [  0.  15.   7.   6.  15.  32.  41.  53.  67.  79.  91.  99. 100.]
 [  0.   0.   3.   6.  10.  32.  42.  54.  43.  63.  70.  93. 100.]
 [  0.   0.   9.  12.  16.  23.  32.  44.  68.  76.  92.  98. 100.]
 [  0.   5.  10.   8.  11.  28.  30.  43.  52.  61.  84.  95. 100.]
 [  0.  10.  11.  19.  25.  27.  47.  55.  78.  82.  93.  95. 100.]
 [  0.   7.  10.  26.  21.  44.  54.  56.  75.  80.  92.  98. 100.]
 [  0.   0.   5.  10.  15.  21.  21.  37.  43.  52.  66.  90. 100.]
 [  0.   2.   2.   8.  10.  16.  22.  30.  23.  34.  29.  39. 100.]]
[6534 6287 6261 6512 5913 5629 5851 5693 5956 6015 5474 4700]
[93.14 89.62 89.25 92.83 84.29 80.24 83.41 81.15 84.9  85.74 78.03 67.  ]
